app/build/intermediates/manifest_merge_blame_file/debug/manifest-merger-blame-debug-report.txt
1<?xml version="1.0" encoding="utf-8"?>
2<manifest xmlns:android="http://schemas.android.com/apk/res/android"
3    package="com.example.messenger"
4    android:versionCode="1"
5    android:versionName="1.0" >
6
7    <uses-sdk
8        android:minSdkVersion="28"
8-->src\main\AndroidManifest.xml
9        android:targetSdkVersion="29" />
9-->src\main\AndroidManifest.xml
10
11    <uses-permission android:name="android.permission.ACCESS_NETWORK_STATE" />
11-->[com.firebaseui:firebase-ui-auth:6.2.0] AndroidManifest.xml:12:5-79
11-->[com.firebaseui:firebase-ui-auth:6.2.0] AndroidManifest.xml:12:22-76
12    <uses-permission android:name="android.permission.INTERNET" />
12-->[com.firebaseui:firebase-ui-auth:6.2.0] AndroidManifest.xml:13:5-67
12-->[com.firebaseui:firebase-ui-auth:6.2.0] AndroidManifest.xml:13:22-64
13    <uses-permission android:name="android.permission.WAKE_LOCK" />
13-->[com.google.android.gms:play-services-measurement:17.2.2] AndroidManifest.xml:25:5-68
13-->[com.google.android.gms:play-services-measurement:17.2.2] AndroidManifest.xml:25:22-65
14    <uses-permission android:name="com.google.android.finsky.permission.BIND_GET_INSTALL_REFERRER_SERVICE" /> <!-- Required by older versions of Google Play services to create IID tokens -->
14-->[com.google.android.gms:play-services-measurement:17.2.2] AndroidManifest.xml:26:5-110
14-->[com.google.android.gms:play-services-measurement:17.2.2] AndroidManifest.xml:26:22-107
15    <uses-permission android:name="com.google.android.c2dm.permission.RECEIVE" />
15-->[com.google.firebase:firebase-iid:20.0.2] AndroidManifest.xml:26:5-82
15-->[com.google.firebase:firebase-iid:20.0.2] AndroidManifest.xml:26:22-79
16
17    <application
17-->src\main\AndroidManifest.xml:5:5-38:19
18        android:allowBackup="true"
18-->src\main\AndroidManifest.xml:6:9-35
19        android:appComponentFactory="androidx.core.app.CoreComponentFactory"
19-->[androidx.core:core:1.2.0] AndroidManifest.xml:24:18-86
20        android:debuggable="true"
21        android:extractNativeLibs="false"
22        android:icon="@mipmap/ic_launcher"
22-->src\main\AndroidManifest.xml:7:9-43
23        android:label="@string/app_name"
23-->src\main\AndroidManifest.xml:8:9-41
24        android:roundIcon="@mipmap/ic_launcher_round"
24-->src\main\AndroidManifest.xml:9:9-54
25        android:supportsRtl="true"
25-->src\main\AndroidManifest.xml:10:9-35
26        android:testOnly="true"
27        android:theme="@style/AppTheme" >
27-->src\main\AndroidManifest.xml:11:9-40
28        <activity android:name="com.example.messenger.RegisterActivity" >
28-->src\main\AndroidManifest.xml:14:9-20:20
28-->src\main\AndroidManifest.xml:14:19-51
29            <intent-filter>
29-->src\main\AndroidManifest.xml:15:13-19:29
30                <action android:name="android.intent.action.MAIN" />
30-->src\main\AndroidManifest.xml:16:17-69
30-->src\main\AndroidManifest.xml:16:25-66
31
32                <category android:name="android.intent.category.LAUNCHER" />
32-->src\main\AndroidManifest.xml:18:17-77
32-->src\main\AndroidManifest.xml:18:27-74
33            </intent-filter>
34        </activity>
35        <activity android:name="com.example.messenger.LoginActivity" />
35-->src\main\AndroidManifest.xml:21:9-51
35-->src\main\AndroidManifest.xml:21:19-48
36        <activity android:name="com.example.messenger.LatestMessagesActivity" >
36-->src\main\AndroidManifest.xml:23:9-30:20
36-->src\main\AndroidManifest.xml:23:19-57
37            <intent-filter>
37-->src\main\AndroidManifest.xml:15:13-19:29
38                <action android:name="android.intent.action.MAIN" />
38-->src\main\AndroidManifest.xml:16:17-69
38-->src\main\AndroidManifest.xml:16:25-66
39
40                <category android:name="android.intent.category.LAUNCHER" />
40-->src\main\AndroidManifest.xml:18:17-77
40-->src\main\AndroidManifest.xml:18:27-74
41            </intent-filter>
42        </activity>
43        <activity android:name="com.example.messenger.NewMessageActivity" >
43-->src\main\AndroidManifest.xml:32:9-37:20
43-->src\main\AndroidManifest.xml:32:19-53
44            <meta-data
44-->src\main\AndroidManifest.xml:34:13-35:65
45                android:name="android.support.PARENT_ACTIVITY"
45-->src\main\AndroidManifest.xml:34:24-70
46                android:value=".LatestMessagesActivity" />
46-->src\main\AndroidManifest.xml:35:24-63
47        </activity>
48
49        <meta-data
49-->[com.firebaseui:firebase-ui-auth:6.2.0] AndroidManifest.xml:16:9-18:69
50            android:name="com.google.android.gms.version"
50-->[com.firebaseui:firebase-ui-auth:6.2.0] AndroidManifest.xml:17:13-58
51            android:value="@integer/google_play_services_version" />
51-->[com.firebaseui:firebase-ui-auth:6.2.0] AndroidManifest.xml:18:13-66
52        <meta-data
52-->[com.firebaseui:firebase-ui-auth:6.2.0] AndroidManifest.xml:19:9-21:63
53            android:name="com.facebook.sdk.ApplicationId"
53-->[com.firebaseui:firebase-ui-auth:6.2.0] AndroidManifest.xml:20:13-58
54            android:value="@string/facebook_application_id" />
54-->[com.firebaseui:firebase-ui-auth:6.2.0] AndroidManifest.xml:21:13-60
55
56        <activity
56-->[com.firebaseui:firebase-ui-auth:6.2.0] AndroidManifest.xml:23:9-27:61
57            android:name="com.firebase.ui.auth.KickoffActivity"
57-->[com.firebaseui:firebase-ui-auth:6.2.0] AndroidManifest.xml:24:13-64
58            android:exported="false"
58-->[com.firebaseui:firebase-ui-auth:6.2.0] AndroidManifest.xml:25:13-37
59            android:label=""
59-->[com.firebaseui:firebase-ui-auth:6.2.0] AndroidManifest.xml:26:13-29
60            android:theme="@style/FirebaseUI.Transparent" />
60-->[com.firebaseui:firebase-ui-auth:6.2.0] AndroidManifest.xml:27:13-58
61        <activity
61-->[com.firebaseui:firebase-ui-auth:6.2.0] AndroidManifest.xml:28:9-32:61
62            android:name="com.firebase.ui.auth.ui.idp.SingleSignInActivity"
62-->[com.firebaseui:firebase-ui-auth:6.2.0] AndroidManifest.xml:29:13-76
63            android:exported="false"
63-->[com.firebaseui:firebase-ui-auth:6.2.0] AndroidManifest.xml:30:13-37
64            android:label=""
64-->[com.firebaseui:firebase-ui-auth:6.2.0] AndroidManifest.xml:31:13-29
65            android:theme="@style/FirebaseUI.Transparent" />
65-->[com.firebaseui:firebase-ui-auth:6.2.0] AndroidManifest.xml:32:13-58
66        <activity
66-->[com.firebaseui:firebase-ui-auth:6.2.0] AndroidManifest.xml:33:9-37:61
67            android:name="com.firebase.ui.auth.ui.credentials.CredentialSaveActivity"
67-->[com.firebaseui:firebase-ui-auth:6.2.0] AndroidManifest.xml:34:13-86
68            android:exported="false"
68-->[com.firebaseui:firebase-ui-auth:6.2.0] AndroidManifest.xml:35:13-37
69            android:label=""
69-->[com.firebaseui:firebase-ui-auth:6.2.0] AndroidManifest.xml:36:13-29
70            android:theme="@style/FirebaseUI.Transparent" />
70-->[com.firebaseui:firebase-ui-auth:6.2.0] AndroidManifest.xml:37:13-58
71        <activity
71-->[com.firebaseui:firebase-ui-auth:6.2.0] AndroidManifest.xml:38:9-42:58
72            android:name="com.firebase.ui.auth.ui.email.RecoverPasswordActivity"
72-->[com.firebaseui:firebase-ui-auth:6.2.0] AndroidManifest.xml:39:13-81
73            android:exported="false"
73-->[com.firebaseui:firebase-ui-auth:6.2.0] AndroidManifest.xml:40:13-37
74            android:label="@string/fui_title_recover_password_activity"
74-->[com.firebaseui:firebase-ui-auth:6.2.0] AndroidManifest.xml:41:13-72
75            android:windowSoftInputMode="adjustResize" />
75-->[com.firebaseui:firebase-ui-auth:6.2.0] AndroidManifest.xml:42:13-55
76        <activity
76-->[com.firebaseui:firebase-ui-auth:6.2.0] AndroidManifest.xml:43:9-47:58
77            android:name="com.firebase.ui.auth.ui.email.EmailActivity"
77-->[com.firebaseui:firebase-ui-auth:6.2.0] AndroidManifest.xml:44:13-71
78            android:exported="false"
78-->[com.firebaseui:firebase-ui-auth:6.2.0] AndroidManifest.xml:45:13-37
79            android:label="@string/fui_sign_in_default"
79-->[com.firebaseui:firebase-ui-auth:6.2.0] AndroidManifest.xml:46:13-56
80            android:windowSoftInputMode="adjustResize" />
80-->[com.firebaseui:firebase-ui-auth:6.2.0] AndroidManifest.xml:47:13-55
81        <activity
81-->[com.firebaseui:firebase-ui-auth:6.2.0] AndroidManifest.xml:48:9-52:77
82            android:name="com.firebase.ui.auth.ui.phone.PhoneActivity"
82-->[com.firebaseui:firebase-ui-auth:6.2.0] AndroidManifest.xml:49:13-71
83            android:exported="false"
83-->[com.firebaseui:firebase-ui-auth:6.2.0] AndroidManifest.xml:50:13-37
84            android:label="@string/fui_sign_in_with_phone_number"
84-->[com.firebaseui:firebase-ui-auth:6.2.0] AndroidManifest.xml:51:13-66
85            android:windowSoftInputMode="adjustResize|stateAlwaysVisible" />
85-->[com.firebaseui:firebase-ui-auth:6.2.0] AndroidManifest.xml:52:13-74
86        <activity
86-->[com.firebaseui:firebase-ui-auth:6.2.0] AndroidManifest.xml:53:9-57:58
87            android:name="com.firebase.ui.auth.ui.idp.WelcomeBackIdpPrompt"
87-->[com.firebaseui:firebase-ui-auth:6.2.0] AndroidManifest.xml:54:13-76
88            android:exported="false"
88-->[com.firebaseui:firebase-ui-auth:6.2.0] AndroidManifest.xml:55:13-37
89            android:label="@string/fui_title_welcome_back_idp_prompt"
89-->[com.firebaseui:firebase-ui-auth:6.2.0] AndroidManifest.xml:56:13-70
90            android:windowSoftInputMode="adjustResize" />
90-->[com.firebaseui:firebase-ui-auth:6.2.0] AndroidManifest.xml:57:13-55
91        <activity
91-->[com.firebaseui:firebase-ui-auth:6.2.0] AndroidManifest.xml:58:9-62:58
92            android:name="com.firebase.ui.auth.ui.email.WelcomeBackPasswordPrompt"
92-->[com.firebaseui:firebase-ui-auth:6.2.0] AndroidManifest.xml:59:13-83
93            android:exported="false"
93-->[com.firebaseui:firebase-ui-auth:6.2.0] AndroidManifest.xml:60:13-37
94            android:label="@string/fui_title_welcome_back_password_prompt"
94-->[com.firebaseui:firebase-ui-auth:6.2.0] AndroidManifest.xml:61:13-75
95            android:windowSoftInputMode="adjustResize" />
95-->[com.firebaseui:firebase-ui-auth:6.2.0] AndroidManifest.xml:62:13-55
96        <activity
96-->[com.firebaseui:firebase-ui-auth:6.2.0] AndroidManifest.xml:63:9-67:58
97            android:name="com.firebase.ui.auth.ui.email.WelcomeBackEmailLinkPrompt"
97-->[com.firebaseui:firebase-ui-auth:6.2.0] AndroidManifest.xml:64:13-84
98            android:exported="false"
98-->[com.firebaseui:firebase-ui-auth:6.2.0] AndroidManifest.xml:65:13-37
99            android:label="@string/fui_title_welcome_back_password_prompt"
99-->[com.firebaseui:firebase-ui-auth:6.2.0] AndroidManifest.xml:66:13-75
100            android:windowSoftInputMode="adjustResize" />
100-->[com.firebaseui:firebase-ui-auth:6.2.0] AndroidManifest.xml:67:13-55
101        <activity
101-->[com.firebaseui:firebase-ui-auth:6.2.0] AndroidManifest.xml:68:9-73:58
102            android:name="com.firebase.ui.auth.ui.email.EmailLinkCatcherActivity"
102-->[com.firebaseui:firebase-ui-auth:6.2.0] AndroidManifest.xml:69:13-82
103            android:exported="false"
103-->[com.firebaseui:firebase-ui-auth:6.2.0] AndroidManifest.xml:70:13-37
104            android:label=""
104-->[com.firebaseui:firebase-ui-auth:6.2.0] AndroidManifest.xml:71:13-29
105            android:theme="@style/FirebaseUI.Transparent"
105-->[com.firebaseui:firebase-ui-auth:6.2.0] AndroidManifest.xml:72:13-58
106            android:windowSoftInputMode="adjustResize" />
106-->[com.firebaseui:firebase-ui-auth:6.2.0] AndroidManifest.xml:73:13-55
107        <activity
107-->[com.firebaseui:firebase-ui-auth:6.2.0] AndroidManifest.xml:74:9-78:58
108            android:name="com.firebase.ui.auth.ui.email.EmailLinkErrorRecoveryActivity"
108-->[com.firebaseui:firebase-ui-auth:6.2.0] AndroidManifest.xml:75:13-88
109            android:exported="false"
109-->[com.firebaseui:firebase-ui-auth:6.2.0] AndroidManifest.xml:76:13-37
110            android:label="@string/fui_sign_in_default"
110-->[com.firebaseui:firebase-ui-auth:6.2.0] AndroidManifest.xml:77:13-56
111            android:windowSoftInputMode="adjustResize" />
111-->[com.firebaseui:firebase-ui-auth:6.2.0] AndroidManifest.xml:78:13-55
112        <activity
112-->[com.firebaseui:firebase-ui-auth:6.2.0] AndroidManifest.xml:79:9-82:65
113            android:name="com.firebase.ui.auth.ui.idp.AuthMethodPickerActivity"
113-->[com.firebaseui:firebase-ui-auth:6.2.0] AndroidManifest.xml:80:13-80
114            android:exported="false"
114-->[com.firebaseui:firebase-ui-auth:6.2.0] AndroidManifest.xml:81:13-37
115            android:label="@string/fui_default_toolbar_title" />
115-->[com.firebaseui:firebase-ui-auth:6.2.0] AndroidManifest.xml:82:13-62
116        <activity
116-->[com.firebaseui:firebase-ui-auth:6.2.0] AndroidManifest.xml:83:9-87:48
117            android:name="com.facebook.FacebookActivity"
117-->[com.firebaseui:firebase-ui-auth:6.2.0] AndroidManifest.xml:84:13-57
118            android:configChanges="keyboard|keyboardHidden|screenLayout|screenSize|orientation"
118-->[com.firebaseui:firebase-ui-auth:6.2.0] AndroidManifest.xml:85:13-96
119            android:label="@string/app_name" />
119-->[com.firebaseui:firebase-ui-auth:6.2.0] AndroidManifest.xml:86:13-45
120        <activity
120-->[com.firebaseui:firebase-ui-auth:6.2.0] AndroidManifest.xml:88:9-100:20
121            android:name="com.facebook.CustomTabActivity"
121-->[com.firebaseui:firebase-ui-auth:6.2.0] AndroidManifest.xml:89:13-58
122            android:exported="true" >
122-->[com.firebaseui:firebase-ui-auth:6.2.0] AndroidManifest.xml:90:13-36
123            <intent-filter>
123-->[com.firebaseui:firebase-ui-auth:6.2.0] AndroidManifest.xml:92:13-99:29
124                <action android:name="android.intent.action.VIEW" />
124-->[com.firebaseui:firebase-ui-auth:6.2.0] AndroidManifest.xml:93:17-69
124-->[com.firebaseui:firebase-ui-auth:6.2.0] AndroidManifest.xml:93:25-66
125
126                <category android:name="android.intent.category.DEFAULT" />
126-->[com.firebaseui:firebase-ui-auth:6.2.0] AndroidManifest.xml:95:17-76
126-->[com.firebaseui:firebase-ui-auth:6.2.0] AndroidManifest.xml:95:27-73
127                <category android:name="android.intent.category.BROWSABLE" />
127-->[com.firebaseui:firebase-ui-auth:6.2.0] AndroidManifest.xml:96:17-78
127-->[com.firebaseui:firebase-ui-auth:6.2.0] AndroidManifest.xml:96:27-75
128
129                <data android:scheme="@string/facebook_login_protocol_scheme" />
129-->[com.firebaseui:firebase-ui-auth:6.2.0] AndroidManifest.xml:98:17-81
129-->[com.firebaseui:firebase-ui-auth:6.2.0] AndroidManifest.xml:98:23-78
130            </intent-filter>
131        </activity>
132
133        <provider
133-->[com.firebaseui:firebase-ui-auth:6.2.0] AndroidManifest.xml:102:9-106:38
134            android:name="com.firebase.ui.auth.data.client.AuthUiInitProvider"
134-->[com.firebaseui:firebase-ui-auth:6.2.0] AndroidManifest.xml:103:13-79
135            android:authorities="com.example.messenger.authuiinitprovider"
135-->[com.firebaseui:firebase-ui-auth:6.2.0] AndroidManifest.xml:104:13-70
136            android:exported="false"
136-->[com.firebaseui:firebase-ui-auth:6.2.0] AndroidManifest.xml:105:13-37
137            android:initOrder="90" />
137-->[com.firebaseui:firebase-ui-auth:6.2.0] AndroidManifest.xml:106:13-35
138
139        <service
139-->[com.google.firebase:firebase-storage:19.1.1] AndroidManifest.xml:30:9-36:19
140            android:name="com.google.firebase.components.ComponentDiscoveryService"
140-->[com.google.firebase:firebase-storage:19.1.1] AndroidManifest.xml:31:13-84
141            android:directBootAware="true"
141-->[com.google.firebase:firebase-common:19.3.0] AndroidManifest.xml:34:13-43
142            android:exported="false" >
142-->[com.google.firebase:firebase-storage:19.1.1] AndroidManifest.xml:32:13-37
143            <meta-data
143-->[com.google.firebase:firebase-storage:19.1.1] AndroidManifest.xml:33:13-35:85
144                android:name="com.google.firebase.components:com.google.firebase.storage.StorageRegistrar"
144-->[com.google.firebase:firebase-storage:19.1.1] AndroidManifest.xml:34:17-107
145                android:value="com.google.firebase.components.ComponentRegistrar" />
145-->[com.google.firebase:firebase-storage:19.1.1] AndroidManifest.xml:35:17-82
146            <meta-data
146-->[com.google.firebase:firebase-database:19.2.1] AndroidManifest.xml:32:13-34:85
147                android:name="com.google.firebase.components:com.google.firebase.database.DatabaseRegistrar"
147-->[com.google.firebase:firebase-database:19.2.1] AndroidManifest.xml:33:17-109
148                android:value="com.google.firebase.components.ComponentRegistrar" />
148-->[com.google.firebase:firebase-database:19.2.1] AndroidManifest.xml:34:17-82
149            <meta-data
149-->[com.google.firebase:firebase-auth:19.2.0] AndroidManifest.xml:36:13-38:85
150                android:name="com.google.firebase.components:com.google.firebase.auth.FirebaseAuthRegistrar"
150-->[com.google.firebase:firebase-auth:19.2.0] AndroidManifest.xml:37:17-109
151                android:value="com.google.firebase.components.ComponentRegistrar" />
151-->[com.google.firebase:firebase-auth:19.2.0] AndroidManifest.xml:38:17-82
152            <meta-data
152-->[com.google.android.gms:play-services-measurement-api:17.2.2] AndroidManifest.xml:30:13-32:85
153                android:name="com.google.firebase.components:com.google.firebase.analytics.connector.internal.AnalyticsConnectorRegistrar"
153-->[com.google.android.gms:play-services-measurement-api:17.2.2] AndroidManifest.xml:31:17-139
154                android:value="com.google.firebase.components.ComponentRegistrar" />
154-->[com.google.android.gms:play-services-measurement-api:17.2.2] AndroidManifest.xml:32:17-82
155            <meta-data
155-->[com.google.firebase:firebase-iid:20.0.2] AndroidManifest.xml:32:13-34:85
156                android:name="com.google.firebase.components:com.google.firebase.iid.Registrar"
156-->[com.google.firebase:firebase-iid:20.0.2] AndroidManifest.xml:33:17-96
157                android:value="com.google.firebase.components.ComponentRegistrar" />
157-->[com.google.firebase:firebase-iid:20.0.2] AndroidManifest.xml:34:17-82
158        </service>
159
160        <activity
160-->[com.google.firebase:firebase-auth:19.2.0] AndroidManifest.xml:24:9-31:50
161            android:name="com.google.firebase.auth.internal.FederatedSignInActivity"
161-->[com.google.firebase:firebase-auth:19.2.0] AndroidManifest.xml:25:13-85
162            android:excludeFromRecents="true"
162-->[com.google.firebase:firebase-auth:19.2.0] AndroidManifest.xml:26:13-46
163            android:exported="true"
163-->[com.google.firebase:firebase-auth:19.2.0] AndroidManifest.xml:27:13-36
164            android:launchMode="singleTask"
164-->[com.google.firebase:firebase-auth:19.2.0] AndroidManifest.xml:28:13-44
165            android:permission="com.google.firebase.auth.api.gms.permission.LAUNCH_FEDERATED_SIGN_IN"
165-->[com.google.firebase:firebase-auth:19.2.0] AndroidManifest.xml:29:13-102
166            android:theme="@android:style/Theme.Translucent.NoTitleBar" />
166-->[com.google.firebase:firebase-auth:19.2.0] AndroidManifest.xml:30:13-72
167        <activity
167-->[com.google.android.gms:play-services-auth:17.0.0] AndroidManifest.xml:23:9-27:75
168            android:name="com.google.android.gms.auth.api.signin.internal.SignInHubActivity"
168-->[com.google.android.gms:play-services-auth:17.0.0] AndroidManifest.xml:24:13-93
169            android:excludeFromRecents="true"
169-->[com.google.android.gms:play-services-auth:17.0.0] AndroidManifest.xml:25:13-46
170            android:exported="false"
170-->[com.google.android.gms:play-services-auth:17.0.0] AndroidManifest.xml:26:13-37
171            android:theme="@android:style/Theme.Translucent.NoTitleBar" />
171-->[com.google.android.gms:play-services-auth:17.0.0] AndroidManifest.xml:27:13-72
172        <!--
173            Service handling Google Sign-In user revocation. For apps that do not integrate with
174            Google Sign-In, this service will never be started.
175        -->
176        <service
176-->[com.google.android.gms:play-services-auth:17.0.0] AndroidManifest.xml:33:9-36:110
177            android:name="com.google.android.gms.auth.api.signin.RevocationBoundService"
177-->[com.google.android.gms:play-services-auth:17.0.0] AndroidManifest.xml:34:13-89
178            android:exported="true"
178-->[com.google.android.gms:play-services-auth:17.0.0] AndroidManifest.xml:35:13-36
179            android:permission="com.google.android.gms.auth.api.signin.permission.REVOCATION_NOTIFICATION" />
179-->[com.google.android.gms:play-services-auth:17.0.0] AndroidManifest.xml:36:13-107
180
181        <receiver
181-->[com.google.android.gms:play-services-measurement:17.2.2] AndroidManifest.xml:29:9-33:20
182            android:name="com.google.android.gms.measurement.AppMeasurementReceiver"
182-->[com.google.android.gms:play-services-measurement:17.2.2] AndroidManifest.xml:30:13-85
183            android:enabled="true"
183-->[com.google.android.gms:play-services-measurement:17.2.2] AndroidManifest.xml:31:13-35
184            android:exported="false" >
184-->[com.google.android.gms:play-services-measurement:17.2.2] AndroidManifest.xml:32:13-37
185        </receiver>
186        <receiver
186-->[com.google.android.gms:play-services-measurement:17.2.2] AndroidManifest.xml:34:9-42:20
187            android:name="com.google.android.gms.measurement.AppMeasurementInstallReferrerReceiver"
187-->[com.google.android.gms:play-services-measurement:17.2.2] AndroidManifest.xml:35:13-100
188            android:enabled="true"
188-->[com.google.android.gms:play-services-measurement:17.2.2] AndroidManifest.xml:36:13-35
189            android:exported="true"
189-->[com.google.android.gms:play-services-measurement:17.2.2] AndroidManifest.xml:37:13-36
190            android:permission="android.permission.INSTALL_PACKAGES" >
190-->[com.google.android.gms:play-services-measurement:17.2.2] AndroidManifest.xml:38:13-69
191            <intent-filter>
191-->[com.google.android.gms:play-services-measurement:17.2.2] AndroidManifest.xml:39:13-41:29
192                <action android:name="com.android.vending.INSTALL_REFERRER" />
192-->[com.google.android.gms:play-services-measurement:17.2.2] AndroidManifest.xml:40:17-79
192-->[com.google.android.gms:play-services-measurement:17.2.2] AndroidManifest.xml:40:25-76
193            </intent-filter>
194        </receiver>
195
196        <service
196-->[com.google.android.gms:play-services-measurement:17.2.2] AndroidManifest.xml:44:9-47:40
197            android:name="com.google.android.gms.measurement.AppMeasurementService"
197-->[com.google.android.gms:play-services-measurement:17.2.2] AndroidManifest.xml:45:13-84
198            android:enabled="true"
198-->[com.google.android.gms:play-services-measurement:17.2.2] AndroidManifest.xml:46:13-35
199            android:exported="false" />
199-->[com.google.android.gms:play-services-measurement:17.2.2] AndroidManifest.xml:47:13-37
200        <service
200-->[com.google.android.gms:play-services-measurement:17.2.2] AndroidManifest.xml:48:9-52:72
201            android:name="com.google.android.gms.measurement.AppMeasurementJobService"
201-->[com.google.android.gms:play-services-measurement:17.2.2] AndroidManifest.xml:49:13-87
202            android:enabled="true"
202-->[com.google.android.gms:play-services-measurement:17.2.2] AndroidManifest.xml:50:13-35
203            android:exported="false"
203-->[com.google.android.gms:play-services-measurement:17.2.2] AndroidManifest.xml:51:13-37
204            android:permission="android.permission.BIND_JOB_SERVICE" />
204-->[com.google.android.gms:play-services-measurement:17.2.2] AndroidManifest.xml:52:13-69
205
206        <receiver
206-->[com.google.firebase:firebase-iid:20.0.2] AndroidManifest.xml:37:9-44:20
207            android:name="com.google.firebase.iid.FirebaseInstanceIdReceiver"
207-->[com.google.firebase:firebase-iid:20.0.2] AndroidManifest.xml:38:13-78
208            android:exported="true"
208-->[com.google.firebase:firebase-iid:20.0.2] AndroidManifest.xml:39:13-36
209            android:permission="com.google.android.c2dm.permission.SEND" >
209-->[com.google.firebase:firebase-iid:20.0.2] AndroidManifest.xml:40:13-73
210            <intent-filter>
210-->[com.google.firebase:firebase-iid:20.0.2] AndroidManifest.xml:41:13-43:29
211                <action android:name="com.google.android.c2dm.intent.RECEIVE" />
211-->[com.google.firebase:firebase-iid:20.0.2] AndroidManifest.xml:42:17-81
211-->[com.google.firebase:firebase-iid:20.0.2] AndroidManifest.xml:42:25-78
212            </intent-filter>
213        </receiver>
214
215        <provider
215-->[com.google.firebase:firebase-common:19.3.0] AndroidManifest.xml:26:9-30:39
216            android:name="com.google.firebase.provider.FirebaseInitProvider"
216-->[com.google.firebase:firebase-common:19.3.0] AndroidManifest.xml:27:13-77
217            android:authorities="com.example.messenger.firebaseinitprovider"
217-->[com.google.firebase:firebase-common:19.3.0] AndroidManifest.xml:28:13-72
218            android:exported="false"
218-->[com.google.firebase:firebase-common:19.3.0] AndroidManifest.xml:29:13-37
219            android:initOrder="100" />
219-->[com.google.firebase:firebase-common:19.3.0] AndroidManifest.xml:30:13-36
220
221        <activity
221-->[com.google.android.gms:play-services-base:17.1.0] AndroidManifest.xml:23:9-26:75
222            android:name="com.google.android.gms.common.api.GoogleApiActivity"
222-->[com.google.android.gms:play-services-base:17.1.0] AndroidManifest.xml:24:13-79
223            android:exported="false"
223-->[com.google.android.gms:play-services-base:17.1.0] AndroidManifest.xml:25:13-37
224            android:theme="@android:style/Theme.Translucent.NoTitleBar" />
224-->[com.google.android.gms:play-services-base:17.1.0] AndroidManifest.xml:26:13-72
225
226        <provider
226-->[androidx.lifecycle:lifecycle-process:2.1.0] AndroidManifest.xml:23:9-27:43
227            android:name="androidx.lifecycle.ProcessLifecycleOwnerInitializer"
227-->[androidx.lifecycle:lifecycle-process:2.1.0] AndroidManifest.xml:24:13-79
228            android:authorities="com.example.messenger.lifecycle-process"
228-->[androidx.lifecycle:lifecycle-process:2.1.0] AndroidManifest.xml:25:13-69
229            android:exported="false"
229-->[androidx.lifecycle:lifecycle-process:2.1.0] AndroidManifest.xml:26:13-37
230            android:multiprocess="true" />
230-->[androidx.lifecycle:lifecycle-process:2.1.0] AndroidManifest.xml:27:13-40
231    </application>
232
233</manifest>